<?xml version="1.0" encoding="UTF-8"?>
<testsuites name="jest tests" tests="81" failures="2" errors="0" time="3.205">
  <testsuite name="QuestionService - Compliance Questions" errors="0" failures="0" skipped="0" timestamp="2025-03-12T02:02:03" time="2.465" tests="23">
    <testcase classname="tests/unit/services/QuestionService.test.ts" name="should load all compliance questions correctly" time="0.006">
    </testcase>
    <testcase classname="tests/unit/services/QuestionService.test.ts" name="should include regulatory compliance questions" time="0.002">
    </testcase>
    <testcase classname="tests/unit/services/QuestionService.test.ts" name="should retrieve privacy training question by id" time="0.001">
    </testcase>
    <testcase classname="tests/unit/services/QuestionService.test.ts" name="should retrieve workplace safety question by id" time="0.002">
    </testcase>
    <testcase classname="tests/unit/services/QuestionService.test.ts" name="should retrieve CPD question by id" time="0.001">
    </testcase>
    <testcase classname="tests/unit/services/QuestionService.test.ts" name="should filter compliance questions by practice size" time="0.001">
    </testcase>
    <testcase classname="tests/unit/services/QuestionService.test.ts" name="should filter compliance questions by discipline" time="0.001">
    </testcase>
    <testcase classname="tests/unit/services/QuestionService.test.ts" name="should return Australia-specific content for compliance questions" time="0.001">
    </testcase>
    <testcase classname="tests/unit/services/QuestionService.test.ts" name="should create a valid question" time="0.002">
    </testcase>
    <testcase classname="tests/unit/services/QuestionService.test.ts" name="should throw error for question without required fields" time="0.008">
    </testcase>
    <testcase classname="tests/unit/services/QuestionService.test.ts" name="should throw error for invalid question type" time="0.001">
    </testcase>
    <testcase classname="tests/unit/services/QuestionService.test.ts" name="should throw error for invalid question category" time="0.001">
    </testcase>
    <testcase classname="tests/unit/services/QuestionService.test.ts" name="should throw error for question without applicable disciplines" time="0.001">
    </testcase>
    <testcase classname="tests/unit/services/QuestionService.test.ts" name="should throw error for question without applicable practice sizes" time="0.001">
    </testcase>
    <testcase classname="tests/unit/services/QuestionService.test.ts" name="should throw error for multiple choice question without options" time="0.001">
    </testcase>
    <testcase classname="tests/unit/services/QuestionService.test.ts" name="should throw error for numeric question without min/max score" time="0.003">
    </testcase>
    <testcase classname="tests/unit/services/QuestionService.test.ts" name="should throw error for numeric question with invalid min/max range" time="0.001">
    </testcase>
    <testcase classname="tests/unit/services/QuestionService.test.ts" name="should throw error for question with invalid weight" time="0.004">
    </testcase>
    <testcase classname="tests/unit/services/QuestionService.test.ts" name="should retrieve questions by module" time="0.004">
    </testcase>
    <testcase classname="tests/unit/services/QuestionService.test.ts" name="should retrieve questions by type" time="0.001">
    </testcase>
    <testcase classname="tests/unit/services/QuestionService.test.ts" name="should retrieve questions by practice size" time="0.001">
    </testcase>
    <testcase classname="tests/unit/services/QuestionService.test.ts" name="should retrieve discipline-specific questions" time="0.001">
    </testcase>
    <testcase classname="tests/unit/services/QuestionService.test.ts" name="should retrieve questions by discipline including universal" time="0">
    </testcase>
  </testsuite>
  <testsuite name="TooltipReviewService" errors="0" failures="0" skipped="0" timestamp="2025-03-12T02:02:03" time="2.548" tests="7">
    <testcase classname="tests/unit/services/TooltipReviewService.test.ts" name="should detect metrics in tooltip text" time="0.016">
    </testcase>
    <testcase classname="tests/unit/services/TooltipReviewService.test.ts" name="should detect examples in tooltip text" time="0.005">
    </testcase>
    <testcase classname="tests/unit/services/TooltipReviewService.test.ts" name="should calculate word count correctly" time="0.004">
    </testcase>
    <testcase classname="tests/unit/services/TooltipReviewService.test.ts" name="should identify tooltips that need improvement" time="0.002">
    </testcase>
    <testcase classname="tests/unit/services/TooltipReviewService.test.ts" name="should not suggest improvements for comprehensive tooltips" time="0.001">
    </testcase>
    <testcase classname="tests/unit/services/TooltipReviewService.test.ts" name="should add metrics to tooltips without metrics" time="0.001">
    </testcase>
    <testcase classname="tests/unit/services/TooltipReviewService.test.ts" name="should add examples to tooltips without examples" time="0.001">
    </testcase>
  </testsuite>
  <testsuite name="TooltipReviewIntegration" errors="0" failures="1" skipped="0" timestamp="2025-03-12T02:02:03" time="2.689" tests="1">
    <testcase classname="tests/integration/tooltip/TooltipReviewIntegration.test.ts" name="should save and retrieve tooltip review results" time="0.03">
      <failure>Error: expect(received).toEqual(expected) // deep equality

- Expected  - 1
+ Received  + 1

@@ -3,8 +3,8 @@
    &quot;failedTooltips&quot;: 2,
    &quot;passedTooltips&quot;: 6,
    &quot;reviewedTooltips&quot;: 8,
    &quot;status&quot;: &quot;passed&quot;,
    &quot;testId&quot;: &quot;tooltip-review-001&quot;,
-   &quot;timestamp&quot;: &quot;2025-03-12T02:02:06.173Z&quot;,
+   &quot;timestamp&quot;: &quot;2025-03-12T01:49:28.402Z&quot;,
    &quot;totalTooltips&quot;: 10,
  }
    at Object.&lt;anonymous&gt; (/Users/heartofgold/Documents/Cursor Projects/cursor-auto-rules-agile-workflow/tests/integration/tooltip/TooltipReviewIntegration.test.ts:64:29)</failure>
    </testcase>
  </testsuite>
  <testsuite name="Business Area Interconnectedness" errors="0" failures="0" skipped="0" timestamp="2025-03-12T02:02:03" time="2.726" tests="8">
    <testcase classname="tests/unit/services/QuestionInterconnectedness.test.ts" name="should identify relationships between business areas" time="0.005">
    </testcase>
    <testcase classname="tests/unit/services/QuestionInterconnectedness.test.ts" name="should generate meaningful impact statements for each relationship" time="0.005">
    </testcase>
    <testcase classname="tests/unit/services/QuestionInterconnectedness.test.ts" name="should calculate the most interconnected business areas" time="0.001">
    </testcase>
    <testcase classname="tests/unit/services/QuestionInterconnectedness.test.ts" name="should verify Financial impact on Staffing" time="0.012">
    </testcase>
    <testcase classname="tests/unit/services/QuestionInterconnectedness.test.ts" name="should verify Technology impact on Operations" time="0.003">
    </testcase>
    <testcase classname="tests/unit/services/QuestionInterconnectedness.test.ts" name="should verify Compliance impact on multiple areas" time="0.001">
    </testcase>
    <testcase classname="tests/unit/services/QuestionInterconnectedness.test.ts" name="should analyze keywords shared across different module questions" time="0.014">
    </testcase>
    <testcase classname="tests/unit/services/QuestionInterconnectedness.test.ts" name="should identify questions with the highest interconnectedness potential" time="0.028">
    </testcase>
  </testsuite>
  <testsuite name="ModuleService" errors="0" failures="0" skipped="0" timestamp="2025-03-12T02:02:03" time="2.773" tests="17">
    <testcase classname="tests/unit/services/ModuleService.test.ts" name="should create a new module" time="0.006">
    </testcase>
    <testcase classname="tests/unit/services/ModuleService.test.ts" name="should throw error if module with same id exists" time="0.007">
    </testcase>
    <testcase classname="tests/unit/services/ModuleService.test.ts" name="should return module by id" time="0.001">
    </testcase>
    <testcase classname="tests/unit/services/ModuleService.test.ts" name="should return null if module not found" time="0.001">
    </testcase>
    <testcase classname="tests/unit/services/ModuleService.test.ts" name="should update existing module" time="0.001">
    </testcase>
    <testcase classname="tests/unit/services/ModuleService.test.ts" name="should throw error if module not found" time="0.001">
    </testcase>
    <testcase classname="tests/unit/services/ModuleService.test.ts" name="should delete module" time="0">
    </testcase>
    <testcase classname="tests/unit/services/ModuleService.test.ts" name="should find modules by category" time="0.001">
    </testcase>
    <testcase classname="tests/unit/services/ModuleService.test.ts" name="should return empty array if no modules match category" time="0.002">
    </testcase>
    <testcase classname="tests/unit/services/ModuleService.test.ts" name="should find modules by discipline" time="0.001">
    </testcase>
    <testcase classname="tests/unit/services/ModuleService.test.ts" name="should return empty array if no modules match discipline" time="0.001">
    </testcase>
    <testcase classname="tests/unit/services/ModuleService.test.ts" name="should find modules by practice size" time="0.002">
    </testcase>
    <testcase classname="tests/unit/services/ModuleService.test.ts" name="should return empty array if no modules match practice size" time="0">
    </testcase>
    <testcase classname="tests/unit/services/ModuleService.test.ts" name="should find modules by country" time="0.001">
    </testcase>
    <testcase classname="tests/unit/services/ModuleService.test.ts" name="should return empty array if no modules match country" time="0">
    </testcase>
    <testcase classname="tests/unit/services/ModuleService.test.ts" name="should find modules by multiple criteria" time="0.002">
    </testcase>
    <testcase classname="tests/unit/services/ModuleService.test.ts" name="should return empty array if no modules match all criteria" time="0">
    </testcase>
  </testsuite>
  <testsuite name="ResearchDocumentationService" errors="0" failures="0" skipped="0" timestamp="2025-03-12T02:02:03" time="2.78" tests="6">
    <testcase classname="tests/unit/services/ResearchDocumentationService.test.ts" name="should create and retrieve a document" time="0.004">
    </testcase>
    <testcase classname="tests/unit/services/ResearchDocumentationService.test.ts" name="should update a document" time="0.001">
    </testcase>
    <testcase classname="tests/unit/services/ResearchDocumentationService.test.ts" name="should delete a document" time="0">
    </testcase>
    <testcase classname="tests/unit/services/ResearchDocumentationService.test.ts" name="should search documents by category" time="0.001">
    </testcase>
    <testcase classname="tests/unit/services/ResearchDocumentationService.test.ts" name="should search documents by discipline" time="0.001">
    </testcase>
    <testcase classname="tests/unit/services/ResearchDocumentationService.test.ts" name="should search documents by keywords" time="0.001">
    </testcase>
  </testsuite>
  <testsuite name="TestResultsStore" errors="0" failures="1" skipped="0" timestamp="2025-03-12T02:02:03" time="2.784" tests="3">
    <testcase classname="tests/utils/TestResultsStore.test.ts" name="should save test results" time="0.006">
    </testcase>
    <testcase classname="tests/utils/TestResultsStore.test.ts" name="should retrieve test results" time="0.002">
    </testcase>
    <testcase classname="tests/utils/TestResultsStore.test.ts" name="should filter results by date range" time="0.004">
      <failure>Error: expect(received).toBe(expected) // Object.is equality

Expected: 1
Received: 2
    at Object.&lt;anonymous&gt; (/Users/heartofgold/Documents/Cursor Projects/cursor-auto-rules-agile-workflow/tests/utils/TestResultsStore.test.ts:93:28)</failure>
    </testcase>
  </testsuite>
  <testsuite name="QuestionService - All Modules" errors="0" failures="0" skipped="0" timestamp="2025-03-12T02:02:03" time="2.973" tests="16">
    <testcase classname="tests/unit/services/QuestionServiceAllModules.test.ts" name="should load all questions correctly" time="0.235">
    </testcase>
    <testcase classname="tests/unit/services/QuestionServiceAllModules.test.ts" name="should retrieve financial questions by category" time="0">
    </testcase>
    <testcase classname="tests/unit/services/QuestionServiceAllModules.test.ts" name="should retrieve cash flow planning questions" time="0.001">
    </testcase>
    <testcase classname="tests/unit/services/QuestionServiceAllModules.test.ts" name="should retrieve operations questions by category" time="0.001">
    </testcase>
    <testcase classname="tests/unit/services/QuestionServiceAllModules.test.ts" name="should retrieve scheduling questions" time="0">
    </testcase>
    <testcase classname="tests/unit/services/QuestionServiceAllModules.test.ts" name="should retrieve staffing questions by category" time="0.001">
    </testcase>
    <testcase classname="tests/unit/services/QuestionServiceAllModules.test.ts" name="should retrieve professional development questions" time="0.001">
    </testcase>
    <testcase classname="tests/unit/services/QuestionServiceAllModules.test.ts" name="should retrieve technology questions by category" time="0">
    </testcase>
    <testcase classname="tests/unit/services/QuestionServiceAllModules.test.ts" name="should retrieve data security questions" time="0.001">
    </testcase>
    <testcase classname="tests/unit/services/QuestionServiceAllModules.test.ts" name="should retrieve patient care questions by category" time="0">
    </testcase>
    <testcase classname="tests/unit/services/QuestionServiceAllModules.test.ts" name="should retrieve outcomes tracking questions" time="0.001">
    </testcase>
    <testcase classname="tests/unit/services/QuestionServiceAllModules.test.ts" name="should filter questions by practice size across modules" time="0">
    </testcase>
    <testcase classname="tests/unit/services/QuestionServiceAllModules.test.ts" name="should filter questions by discipline across modules" time="0.001">
    </testcase>
    <testcase classname="tests/unit/services/QuestionServiceAllModules.test.ts" name="should filter questions by multiple criteria across modules" time="0">
    </testcase>
    <testcase classname="tests/unit/services/QuestionServiceAllModules.test.ts" name="should retrieve multiple choice questions across modules" time="0.001">
    </testcase>
    <testcase classname="tests/unit/services/QuestionServiceAllModules.test.ts" name="should retrieve numeric questions across modules" time="0">
    </testcase>
  </testsuite>
</testsuites>